<?xml version="1.0" encoding="UTF-8"?>
<!-- Generated by org.testng.reporters.JUnitXMLReporter -->
<testsuite ignored="0" hostname="Lenovo" failures="0" tests="4" name="Default test" time="0.203" errors="0" timestamp="2024-09-26T08:25:02 IST">
  <testcase classname="test.TestNGTestCasesExecutionOrder" name="addUser" time="0.05"/>
  <testcase classname="test.TestNGTestCasesExecutionOrder" name="deleteUser" time="0.015"/>
  <testcase classname="test.TestNGTestCasesExecutionOrder" name="getUser" time="0.013"/>
  <testcase classname="test.TestNGTestCasesExecutionOrder" name="updateUser" time="0.006"/>
</testsuite> <!-- Default test -->
