<?xml version="1.0" encoding="UTF-8"?>
<!-- Generated by org.testng.reporters.JUnitXMLReporter -->
<testsuite ignored="2" hostname="Lenovo" failures="0" tests="1" name="Default test" time="2.025" errors="0" timestamp="2024-09-25T09:20:16 IST">
  <testcase classname="test.TestFileOperations" name="testReadDataFromExcel" time="1.909"/>
  <testcase classname="test.TestFileOperations" name="readDataFromXML" time="0.0">
    <ignored/>
  </testcase> <!-- readDataFromXML -->
  <testcase classname="test.TestFileOperations" name="readDataFromJson" time="0.0">
    <ignored/>
  </testcase> <!-- readDataFromJson -->
</testsuite> <!-- Default test -->
