<?xml version="1.0" encoding="UTF-8"?>
<!-- Generated by org.testng.reporters.JUnitXMLReporter -->
<testsuite ignored="0" hostname="Lenovo" failures="0" tests="13" name="Test1" time="0.339" errors="0" timestamp="2024-09-26T09:13:18 IST">
  <testcase classname="test.TestNGTestCasesExecutionOrder" name="updateUser" time="0.034"/>
  <testcase classname="test.TestNGTestCasesExecutionOrder" name="deleteUser" time="0.042"/>
  <testcase classname="test.TestNGTestCasesExecutionOrder" name="updateUser" time="0.027"/>
  <testcase classname="test.TestNGTestCasesExecutionOrder" name="addUser" time="0.077"/>
  <testcase classname="test.TestNGTestCasesExecutionOrder" name="updateUser" time="0.008"/>
  <testcase classname="test.TestNGTestCasesExecutionOrder" name="deleteUser" time="0.024"/>
  <testcase classname="test.TestNGTestCasesExecutionOrder" name="deleteUser" time="0.006"/>
  <testcase classname="test.TestNGTestCasesExecutionOrder" name="deleteUser" time="0.002"/>
  <testcase classname="test.TestNGTestCasesExecutionOrder" name="getUser" time="0.028"/>
  <testcase classname="test.TestNGTestCasesExecutionOrder" name="getUser" time="0.003"/>
  <testcase classname="test.TestNGTestCasesExecutionOrder" name="getUser" time="0.007"/>
  <testcase classname="test.TestNGTestCasesExecutionOrder" name="getUser" time="0.007"/>
  <testcase classname="test.TestNGTestCasesExecutionOrder" name="getUser" time="0.007"/>
</testsuite> <!-- Test1 -->
