<?xml version="1.0" encoding="UTF-8"?>
<!-- Generated by org.testng.reporters.JUnitXMLReporter -->
<testsuite ignored="5" hostname="Lenovo" failures="0" tests="2" name="Test" time="0.868" errors="0" timestamp="2024-09-26T07:50:55 IST">
  <testcase classname="test.TestFileOperations" name="readDataFromJson" time="0.715"/>
  <testcase classname="test.TestNGUnitTestCases" name="test4" time="0.01"/>
  <testcase classname="test.TestNGUnitTestCases" name="test1" time="0.0">
    <ignored/>
  </testcase> <!-- test1 -->
  <testcase classname="test.TestFileOperations" name="readDataFromXML" time="0.0">
    <ignored/>
  </testcase> <!-- readDataFromXML -->
  <testcase classname="test.TestFileOperations" name="testReadDataFromExcel" time="0.0">
    <ignored/>
  </testcase> <!-- testReadDataFromExcel -->
  <testcase classname="test.TestNGUnitTestCases" name="test2" time="0.0">
    <ignored/>
  </testcase> <!-- test2 -->
  <testcase classname="test.TestNGUnitTestCases" name="test3" time="0.0">
    <ignored/>
  </testcase> <!-- test3 -->
</testsuite> <!-- Test -->
