<?xml version="1.0" encoding="UTF-8"?>
<!-- Generated by org.testng.reporters.JUnitXMLReporter -->
<testsuite ignored="9" hostname="Lenovo" failures="0" tests="2" name="Test2" time="0.351" errors="0" timestamp="2024-09-26T08:12:09 IST">
  <testcase classname="test.TestFileOperations" name="readDataFromXML" time="0.278"/>
  <testcase classname="test.TestNGUnitTestCases" name="test1" time="0.013"/>
  <testcase classname="test.TestNGBaseClass" name="@BeforeTest beforeTest" time="0.0">
    <ignored/>
  </testcase> <!-- @BeforeTest beforeTest -->
  <testcase classname="test.TestNGBaseClass" name="@AfterTest afterTest" time="0.0">
    <ignored/>
  </testcase> <!-- @AfterTest afterTest -->
  <testcase classname="test.TestNGBaseClass" name="@AfterSuite afterSuite" time="0.0">
    <ignored/>
  </testcase> <!-- @AfterSuite afterSuite -->
  <testcase classname="test.TestNGBaseClass" name="@BeforeSuite beforeSuite" time="0.0">
    <ignored/>
  </testcase> <!-- @BeforeSuite beforeSuite -->
  <testcase classname="test.TestFileOperations" name="readDataFromJson" time="0.0">
    <ignored/>
  </testcase> <!-- readDataFromJson -->
  <testcase classname="test.TestFileOperations" name="testReadDataFromExcel" time="0.0">
    <ignored/>
  </testcase> <!-- testReadDataFromExcel -->
  <testcase classname="test.TestNGUnitTestCases" name="test4" time="0.0">
    <ignored/>
  </testcase> <!-- test4 -->
  <testcase classname="test.TestNGUnitTestCases" name="test2" time="0.0">
    <ignored/>
  </testcase> <!-- test2 -->
  <testcase classname="test.TestNGUnitTestCases" name="test3" time="0.0">
    <ignored/>
  </testcase> <!-- test3 -->
</testsuite> <!-- Test2 -->
