<?xml version="1.0" encoding="UTF-8"?>
<testng-results ignored="0" total="13" passed="13" failed="0" skipped="0">
  <reporter-output>
  </reporter-output>
  <suite started-at="2024-09-26T09:13:18 IST" name="Suite" finished-at="2024-09-26T09:13:18 IST" duration-ms="339">
    <groups>
      <group name="SanityTest">
        <method signature="TestNGTestCasesExecutionOrder.addUser(java.lang.String,java.lang.String)[pri:0, instance:test.TestNGTestCasesExecutionOrder@662b4c69]" name="addUser" class="test.TestNGTestCasesExecutionOrder"/>
        <method signature="TestNGTestCasesExecutionOrder.updateUser([Ljava.lang.Object;)[pri:1, instance:test.TestNGTestCasesExecutionOrder@662b4c69]" name="updateUser" class="test.TestNGTestCasesExecutionOrder"/>
      </group> <!-- SanityTest -->
      <group name="SmokeTest">
        <method signature="TestNGTestCasesExecutionOrder.addUser(java.lang.String,java.lang.String)[pri:0, instance:test.TestNGTestCasesExecutionOrder@662b4c69]" name="addUser" class="test.TestNGTestCasesExecutionOrder"/>
      </group> <!-- SmokeTest -->
      <group name="RegressionTest">
        <method signature="TestNGTestCasesExecutionOrder.addUser(java.lang.String,java.lang.String)[pri:0, instance:test.TestNGTestCasesExecutionOrder@662b4c69]" name="addUser" class="test.TestNGTestCasesExecutionOrder"/>
        <method signature="TestNGTestCasesExecutionOrder.deleteUser(java.lang.Integer)[pri:3, instance:test.TestNGTestCasesExecutionOrder@662b4c69]" name="deleteUser" class="test.TestNGTestCasesExecutionOrder"/>
        <method signature="TestNGTestCasesExecutionOrder.getUser(int)[pri:2, instance:test.TestNGTestCasesExecutionOrder@662b4c69]" name="getUser" class="test.TestNGTestCasesExecutionOrder"/>
        <method signature="TestNGTestCasesExecutionOrder.updateUser([Ljava.lang.Object;)[pri:1, instance:test.TestNGTestCasesExecutionOrder@662b4c69]" name="updateUser" class="test.TestNGTestCasesExecutionOrder"/>
      </group> <!-- RegressionTest -->
    </groups>
    <test started-at="2024-09-26T09:13:18 IST" name="Test1" finished-at="2024-09-26T09:13:18 IST" duration-ms="339">
      <class name="test.TestNGTestCasesExecutionOrder">
        <test-method signature="updateUser([Ljava.lang.Object;)[pri:1, instance:test.TestNGTestCasesExecutionOrder@662b4c69]" started-at="2024-09-26T09:13:18 IST" name="updateUser" data-provider="TestData2" finished-at="2024-09-26T09:13:18 IST" duration-ms="34" status="PASS">
          <params>
            <param index="0">
              <value>
                <![CDATA[[Ljava.lang.Object;@1caa0244]]>
              </value>
            </param>
          </params>
          <reporter-output>
          </reporter-output>
        </test-method> <!-- updateUser -->
        <test-method signature="deleteUser(java.lang.Integer)[pri:3, instance:test.TestNGTestCasesExecutionOrder@662b4c69]" started-at="2024-09-26T09:13:18 IST" name="deleteUser" data-provider="TestData3" finished-at="2024-09-26T09:13:18 IST" duration-ms="42" status="PASS">
          <params>
            <param index="0">
              <value>
                <![CDATA[101]]>
              </value>
            </param>
          </params>
          <reporter-output>
          </reporter-output>
        </test-method> <!-- deleteUser -->
        <test-method signature="addUser(java.lang.String,java.lang.String)[pri:0, instance:test.TestNGTestCasesExecutionOrder@662b4c69]" started-at="2024-09-26T09:13:18 IST" name="addUser" finished-at="2024-09-26T09:13:18 IST" duration-ms="77" status="PASS">
          <params>
            <param index="0">
              <value>
                <![CDATA[Raju]]>
              </value>
            </param>
            <param index="1">
              <value>
                <![CDATA[Software]]>
              </value>
            </param>
          </params>
          <reporter-output>
          </reporter-output>
        </test-method> <!-- addUser -->
        <test-method signature="updateUser([Ljava.lang.Object;)[pri:1, instance:test.TestNGTestCasesExecutionOrder@662b4c69]" started-at="2024-09-26T09:13:18 IST" name="updateUser" data-provider="TestData2" finished-at="2024-09-26T09:13:18 IST" duration-ms="27" status="PASS">
          <params>
            <param index="0">
              <value>
                <![CDATA[[Ljava.lang.Object;@cecf639]]>
              </value>
            </param>
          </params>
          <reporter-output>
          </reporter-output>
        </test-method> <!-- updateUser -->
        <test-method signature="deleteUser(java.lang.Integer)[pri:3, instance:test.TestNGTestCasesExecutionOrder@662b4c69]" started-at="2024-09-26T09:13:18 IST" name="deleteUser" data-provider="TestData3" finished-at="2024-09-26T09:13:18 IST" duration-ms="24" status="PASS">
          <params>
            <param index="0">
              <value>
                <![CDATA[102]]>
              </value>
            </param>
          </params>
          <reporter-output>
          </reporter-output>
        </test-method> <!-- deleteUser -->
        <test-method signature="updateUser([Ljava.lang.Object;)[pri:1, instance:test.TestNGTestCasesExecutionOrder@662b4c69]" started-at="2024-09-26T09:13:18 IST" name="updateUser" data-provider="TestData2" finished-at="2024-09-26T09:13:18 IST" duration-ms="8" status="PASS">
          <params>
            <param index="0">
              <value>
                <![CDATA[[Ljava.lang.Object;@7ce026d3]]>
              </value>
            </param>
          </params>
          <reporter-output>
          </reporter-output>
        </test-method> <!-- updateUser -->
        <test-method signature="deleteUser(java.lang.Integer)[pri:3, instance:test.TestNGTestCasesExecutionOrder@662b4c69]" started-at="2024-09-26T09:13:18 IST" name="deleteUser" data-provider="TestData3" finished-at="2024-09-26T09:13:18 IST" duration-ms="6" status="PASS">
          <params>
            <param index="0">
              <value>
                <![CDATA[103]]>
              </value>
            </param>
          </params>
          <reporter-output>
          </reporter-output>
        </test-method> <!-- deleteUser -->
        <test-method signature="deleteUser(java.lang.Integer)[pri:3, instance:test.TestNGTestCasesExecutionOrder@662b4c69]" started-at="2024-09-26T09:13:18 IST" name="deleteUser" data-provider="TestData3" finished-at="2024-09-26T09:13:18 IST" duration-ms="2" status="PASS">
          <params>
            <param index="0">
              <value>
                <![CDATA[104]]>
              </value>
            </param>
          </params>
          <reporter-output>
          </reporter-output>
        </test-method> <!-- deleteUser -->
        <test-method signature="getUser(int)[pri:2, instance:test.TestNGTestCasesExecutionOrder@662b4c69]" started-at="2024-09-26T09:13:18 IST" name="getUser" data-provider="TestData1" finished-at="2024-09-26T09:13:18 IST" depends-on-methods="test.TestNGTestCasesExecutionOrder.addUser" duration-ms="28" status="PASS">
          <params>
            <param index="0">
              <value>
                <![CDATA[1]]>
              </value>
            </param>
          </params>
          <reporter-output>
          </reporter-output>
        </test-method> <!-- getUser -->
        <test-method signature="getUser(int)[pri:2, instance:test.TestNGTestCasesExecutionOrder@662b4c69]" started-at="2024-09-26T09:13:18 IST" name="getUser" data-provider="TestData1" finished-at="2024-09-26T09:13:18 IST" depends-on-methods="test.TestNGTestCasesExecutionOrder.addUser" duration-ms="3" status="PASS">
          <params>
            <param index="0">
              <value>
                <![CDATA[2]]>
              </value>
            </param>
          </params>
          <reporter-output>
          </reporter-output>
        </test-method> <!-- getUser -->
        <test-method signature="getUser(int)[pri:2, instance:test.TestNGTestCasesExecutionOrder@662b4c69]" started-at="2024-09-26T09:13:18 IST" name="getUser" data-provider="TestData1" finished-at="2024-09-26T09:13:18 IST" depends-on-methods="test.TestNGTestCasesExecutionOrder.addUser" duration-ms="7" status="PASS">
          <params>
            <param index="0">
              <value>
                <![CDATA[3]]>
              </value>
            </param>
          </params>
          <reporter-output>
          </reporter-output>
        </test-method> <!-- getUser -->
        <test-method signature="getUser(int)[pri:2, instance:test.TestNGTestCasesExecutionOrder@662b4c69]" started-at="2024-09-26T09:13:18 IST" name="getUser" data-provider="TestData1" finished-at="2024-09-26T09:13:18 IST" depends-on-methods="test.TestNGTestCasesExecutionOrder.addUser" duration-ms="7" status="PASS">
          <params>
            <param index="0">
              <value>
                <![CDATA[4]]>
              </value>
            </param>
          </params>
          <reporter-output>
          </reporter-output>
        </test-method> <!-- getUser -->
        <test-method signature="getUser(int)[pri:2, instance:test.TestNGTestCasesExecutionOrder@662b4c69]" started-at="2024-09-26T09:13:18 IST" name="getUser" data-provider="TestData1" finished-at="2024-09-26T09:13:18 IST" depends-on-methods="test.TestNGTestCasesExecutionOrder.addUser" duration-ms="7" status="PASS">
          <params>
            <param index="0">
              <value>
                <![CDATA[5]]>
              </value>
            </param>
          </params>
          <reporter-output>
          </reporter-output>
        </test-method> <!-- getUser -->
      </class> <!-- test.TestNGTestCasesExecutionOrder -->
    </test> <!-- Test1 -->
  </suite> <!-- Suite -->
</testng-results>
