<?xml version="1.0" encoding="UTF-8"?>
<testng-results ignored="2" total="3" passed="1" failed="0" skipped="0">
  <reporter-output>
  </reporter-output>
  <suite started-at="2024-09-25T09:20:14 IST" name="Default suite" finished-at="2024-09-25T09:20:16 IST" duration-ms="2025">
    <groups>
    </groups>
    <test started-at="2024-09-25T09:20:14 IST" name="Default test" finished-at="2024-09-25T09:20:16 IST" duration-ms="2025">
      <class name="test.TestFileOperations">
        <test-method signature="testReadDataFromExcel()[pri:0, instance:test.TestFileOperations@58695725]" started-at="2024-09-25T09:20:14 IST" name="testReadDataFromExcel" finished-at="2024-09-25T09:20:16 IST" duration-ms="1909" status="PASS">
          <reporter-output>
          </reporter-output>
        </test-method> <!-- testReadDataFromExcel -->
      </class> <!-- test.TestFileOperations -->
    </test> <!-- Default test -->
  </suite> <!-- Default suite -->
</testng-results>
